<?xml version="1.0" encoding="UTF-8" ?>
<testsuites disabled="11" errors="0" failures="0" tests="12" time="100.575">
 <testsuite name="Topcoder Challenge Detail Page Tests: " timestamp="2019-11-14T23:20:27" hostname="localhost" time="50.288" errors="0" tests="1" skipped="0" disabled="1" failures="0">
  <testcase classname="Topcoder Challenge Detail Page Tests: " name="should verify whether the  error message is displayed on clicking the Challenge Terms link." time="0.001">
   <skipped />
  </testcase>
 </testsuite>
 <testsuite name="Topcoder Challenge Detail Page Tests: .Pre-condition of login" timestamp="2019-11-14T23:20:27" hostname="localhost" time="50.287" errors="0" tests="11" skipped="0" disabled="10" failures="0">
  <testcase classname="Topcoder Challenge Detail Page Tests: .Pre-condition of login" name="should verify whether the user is redirected to the Submission page on clicking the Submit button." time="19.056" />
  <testcase classname="Topcoder Challenge Detail Page Tests: .Pre-condition of login" name="should verify that back button redirects user to challenge" time="0.002">
   <skipped />
  </testcase>
  <testcase classname="Topcoder Challenge Detail Page Tests: .Pre-condition of login" name="should verify that a user is able to successfully enter a submission to a code challenge" time="0.001">
   <skipped />
  </testcase>
  <testcase classname="Topcoder Challenge Detail Page Tests: .Pre-condition of login" name="should verify whether the user is registered to the particular challenge on clicking the Register button." time="0">
   <skipped />
  </testcase>
  <testcase classname="Topcoder Challenge Detail Page Tests: .Pre-condition of login" name="should verify whether the user is unregistered into particular challenge on clicking the UnRegister button." time="0.001">
   <skipped />
  </testcase>
  <testcase classname="Topcoder Challenge Detail Page Tests: .Pre-condition of login" name="should verify whether the deadlines(time zone) for the particular challenge on clicking the show Deadlines." time="0">
   <skipped />
  </testcase>
  <testcase classname="Topcoder Challenge Detail Page Tests: .Pre-condition of login" name="should verify whether the details of the challenges are displayed on clicking the Details tab." time="0">
   <skipped />
  </testcase>
  <testcase classname="Topcoder Challenge Detail Page Tests: .Pre-condition of login" name="should verify whether the registered members of the challenges are displayed on clicking the Registrants tab." time="0.001">
   <skipped />
  </testcase>
  <testcase classname="Topcoder Challenge Detail Page Tests: .Pre-condition of login" name="should verify whether the  Solution submitted members  are displayed on clicking the Submissions tab." time="0.001">
   <skipped />
  </testcase>
  <testcase classname="Topcoder Challenge Detail Page Tests: .Pre-condition of login" name="should verify whether the  user is redirected to the Review Scorecard page on clicking the Review Scorecard link." time="0.002">
   <skipped />
  </testcase>
  <testcase classname="Topcoder Challenge Detail Page Tests: .Pre-condition of login" name="should verify whether the  user is redirected to the Challenge Terms page on clicking the Challenge Terms link." time="0.001">
   <skipped />
  </testcase>
 </testsuite>
</testsuites>