<?xml version="1.0" encoding="UTF-8" ?>
<testsuites disabled="2" errors="0" failures="0" tests="2" time="0">
 <testsuite name="Topcoder Dashboard Tests: " timestamp="2019-11-14T23:21:17" hostname="localhost" time="0" errors="0" tests="1" skipped="0" disabled="1" failures="0">
  <testcase classname="Topcoder Dashboard Tests: " name="should verify whether the user is redirected to the topcoder social sites on clicking the social sites icon." time="0">
   <skipped />
  </testcase>
 </testsuite>
 <testsuite name="Topcoder Dashboard Tests: .After login tests" timestamp="2019-11-14T23:21:17" hostname="localhost" time="0" errors="0" tests="1" skipped="0" disabled="1" failures="0">
  <testcase classname="Topcoder Dashboard Tests: .After login tests" name="To verify that user is able to view dashboard when logged in" time="0">
   <skipped />
  </testcase>
 </testsuite>
</testsuites>