<?xml version="1.0" encoding="UTF-8" ?>
<testsuites disabled="0" errors="0" failures="0" tests="12" time="282.241">
 <testsuite name="Topcoder Challenge Detail Page Tests: " timestamp="2019-11-12T07:31:16" hostname="localhost" time="144.047" errors="0" tests="1" skipped="0" disabled="0" failures="0">
  <testcase classname="Topcoder Challenge Detail Page Tests: " name="should verify whether the  error message is displayed on clicking the Challenge Terms link." time="5.853" />
 </testsuite>
 <testsuite name="Topcoder Challenge Detail Page Tests: .Pre-condition of login" timestamp="2019-11-12T07:31:22" hostname="localhost" time="138.194" errors="0" tests="11" skipped="0" disabled="0" failures="0">
  <testcase classname="Topcoder Challenge Detail Page Tests: .Pre-condition of login" name="should verify that back button redirects user to challenge" time="10.901" />
  <testcase classname="Topcoder Challenge Detail Page Tests: .Pre-condition of login" name="should verify that a user is able to successfully enter a submission to a code challenge" time="7.423" />
  <testcase classname="Topcoder Challenge Detail Page Tests: .Pre-condition of login" name="should verify whether the user is registered to the particular challenge on clicking the Register button." time="24.312" />
  <testcase classname="Topcoder Challenge Detail Page Tests: .Pre-condition of login" name="should verify whether the user is unregistered into particular challenge on clicking the UnRegister button." time="28.84" />
  <testcase classname="Topcoder Challenge Detail Page Tests: .Pre-condition of login" name="should verify whether the user is redirected to the Submission page on clicking the Submit button." time="12.32" />
  <testcase classname="Topcoder Challenge Detail Page Tests: .Pre-condition of login" name="should verify whether the deadlines(time zone) for the particular challenge on clicking the show Deadlines." time="5.478" />
  <testcase classname="Topcoder Challenge Detail Page Tests: .Pre-condition of login" name="should verify whether the details of the challenges are displayed on clicking the Details tab." time="5.451" />
  <testcase classname="Topcoder Challenge Detail Page Tests: .Pre-condition of login" name="should verify whether the registered members of the challenges are displayed on clicking the Registrants tab." time="4.924" />
  <testcase classname="Topcoder Challenge Detail Page Tests: .Pre-condition of login" name="should verify whether the  Solution submitted members  are displayed on clicking the Submissions tab." time="5.321" />
  <testcase classname="Topcoder Challenge Detail Page Tests: .Pre-condition of login" name="should verify whether the  user is redirected to the Review Scorecard page on clicking the Review Scorecard link." time="8.317" />
  <testcase classname="Topcoder Challenge Detail Page Tests: .Pre-condition of login" name="should verify whether the  user is redirected to the Challenge Terms page on clicking the Challenge Terms link." time="5.806" />
 </testsuite>
</testsuites>