<?xml version="1.0" encoding="UTF-8" ?>
<testsuites disabled="0" errors="0" failures="0" tests="5" time="101.443">
 <testsuite name="Topcoder Preferences Page Tests: " timestamp="2019-11-15T12:45:07" hostname="localhost" time="101.443" errors="0" tests="5" skipped="0" disabled="0" failures="0">
  <testcase classname="Topcoder Preferences Page Tests: " name="should Verify User can update Email Preferences" time="26.819" />
  <testcase classname="Topcoder Preferences Page Tests: " name="should Verify User can redirect to forums&apos;s setting page" time="11.226" />
  <testcase classname="Topcoder Preferences Page Tests: " name="should Verify User can redirect to Payment details page" time="13.121" />
  <testcase classname="Topcoder Preferences Page Tests: " name="should Verify User can redirect to Request visa letter page" time="8.244" />
  <testcase classname="Topcoder Preferences Page Tests: " name="should Verify User can redirect to Referrals page" time="22.973" />
 </testsuite>
</testsuites>