<?xml version="1.0" encoding="UTF-8" ?>
<testsuites disabled="0" errors="0" failures="0" tests="2" time="47.403">
 <testsuite name="Topcoder Dashboard Tests: " timestamp="2019-11-15T13:00:11" hostname="localhost" time="25.326" errors="0" tests="1" skipped="0" disabled="0" failures="0">
  <testcase classname="Topcoder Dashboard Tests: " name="should verify whether the user is redirected to the topcoder social sites on clicking the social sites icon." time="3.248" />
 </testsuite>
 <testsuite name="Topcoder Dashboard Tests: .After login tests" timestamp="2019-11-15T13:00:11" hostname="localhost" time="22.077" errors="0" tests="1" skipped="0" disabled="0" failures="0">
  <testcase classname="Topcoder Dashboard Tests: .After login tests" name="To verify that user is able to view dashboard when logged in" time="2.307" />
 </testsuite>
</testsuites>