<?xml version="1.0" encoding="UTF-8" ?>
<testsuites disabled="0" errors="0" failures="0" tests="12" time="281.26">
 <testsuite name="Topcoder Header Tests: " timestamp="2019-11-15T13:01:51" hostname="localhost" time="207.286" errors="0" tests="6" skipped="0" disabled="0" failures="0">
  <testcase classname="Topcoder Header Tests: " name="should verify whether the user is redirected to the topcoder homepage on clicking the Topcoder logo" time="9.844" />
  <testcase classname="Topcoder Header Tests: " name="should verify whether the user is redirected to the Challenge listing page on clicking the All Challenges sub menu under the Compete menu." time="8.14" />
  <testcase classname="Topcoder Header Tests: " name="should verify whether the user is redirected to the Login page on clicking the Competitive programming sub menu under the Compete menu." time="11.836" />
  <testcase classname="Topcoder Header Tests: " name="should verify whether the user is redirected to the respective page while clicking the sub menu under the Tracks menu." time="40.925" />
  <testcase classname="Topcoder Header Tests: " name="should verify whether the user is redirected to the respective page while clicking the sub menu under the Community menu." time="46.108" />
  <testcase classname="Topcoder Header Tests: " name="should verify whether the user is redirected to the Login page on clicking the Forums sub menu under the Community menu." time="16.457" />
 </testsuite>
 <testsuite name="Topcoder Header Tests: .Tests with login as pre-requisite" timestamp="2019-11-15T13:04:04" hostname="localhost" time="73.974" errors="0" tests="6" skipped="0" disabled="0" failures="0">
  <testcase classname="Topcoder Header Tests: .Tests with login as pre-requisite" name="should verify whether the user is redirected to the Topcoder Arena page on clicking the Competitive programming sub menu under the Compete menu." time="7.472" />
  <testcase classname="Topcoder Header Tests: .Tests with login as pre-requisite" name="should verify whether the user is redirected to the Forum page on clicking the Forums sub menu under the Community menu." time="15.386" />
  <testcase classname="Topcoder Header Tests: .Tests with login as pre-requisite" name="should verify whether the current page is redirected to my profile page on clicking the my profile under the Username menu." time="10.329" />
  <testcase classname="Topcoder Header Tests: .Tests with login as pre-requisite" name="should verify whether the current page is redirected to the payments page on clicking the payments under the Username menu." time="11.052" />
  <testcase classname="Topcoder Header Tests: .Tests with login as pre-requisite" name="should verify whether the current page is redirected to the settings page on clicking the settings under the Username menu." time="10.537" />
  <testcase classname="Topcoder Header Tests: .Tests with login as pre-requisite" name="should verify whether the logout happens on clicking the logout under the Username menu." time="12.66" />
 </testsuite>
</testsuites>