<?xml version="1.0" encoding="UTF-8" ?>
<testsuites disabled="0" errors="0" failures="0" tests="12" time="307.338">
 <testsuite name="Topcoder Challenge Detail Page Tests: " timestamp="2019-11-15T12:57:35" hostname="localhost" time="156.943" errors="0" tests="1" skipped="0" disabled="0" failures="0">
  <testcase classname="Topcoder Challenge Detail Page Tests: " name="should verify whether the  error message is displayed on clicking the Challenge Terms link." time="6.546" />
 </testsuite>
 <testsuite name="Topcoder Challenge Detail Page Tests: .Pre-condition of login" timestamp="2019-11-15T12:57:41" hostname="localhost" time="150.395" errors="0" tests="11" skipped="0" disabled="0" failures="0">
  <testcase classname="Topcoder Challenge Detail Page Tests: .Pre-condition of login" name="should verify that back button redirects user to challenge" time="12.309" />
  <testcase classname="Topcoder Challenge Detail Page Tests: .Pre-condition of login" name="should verify that a user is able to successfully enter a submission to a code challenge" time="10.443" />
  <testcase classname="Topcoder Challenge Detail Page Tests: .Pre-condition of login" name="should verify whether the user is registered to the particular challenge on clicking the Register button." time="22.702" />
  <testcase classname="Topcoder Challenge Detail Page Tests: .Pre-condition of login" name="should verify whether the user is unregistered into particular challenge on clicking the UnRegister button." time="29.71" />
  <testcase classname="Topcoder Challenge Detail Page Tests: .Pre-condition of login" name="should verify whether the user is redirected to the Submission page on clicking the Submit button." time="12.086" />
  <testcase classname="Topcoder Challenge Detail Page Tests: .Pre-condition of login" name="should verify whether the deadlines(time zone) for the particular challenge on clicking the show Deadlines." time="5.719" />
  <testcase classname="Topcoder Challenge Detail Page Tests: .Pre-condition of login" name="should verify whether the details of the challenges are displayed on clicking the Details tab." time="4.964" />
  <testcase classname="Topcoder Challenge Detail Page Tests: .Pre-condition of login" name="should verify whether the registered members of the challenges are displayed on clicking the Registrants tab." time="5.274" />
  <testcase classname="Topcoder Challenge Detail Page Tests: .Pre-condition of login" name="should verify whether the  Solution submitted members  are displayed on clicking the Submissions tab." time="8.549" />
  <testcase classname="Topcoder Challenge Detail Page Tests: .Pre-condition of login" name="should verify whether the  user is redirected to the Review Scorecard page on clicking the Review Scorecard link." time="10.964" />
  <testcase classname="Topcoder Challenge Detail Page Tests: .Pre-condition of login" name="should verify whether the  user is redirected to the Challenge Terms page on clicking the Challenge Terms link." time="7.565" />
 </testsuite>
</testsuites>