<?xml version="1.0" encoding="UTF-8" ?>
<testsuites disabled="0" errors="0" failures="0" tests="34" time="700.382">
 <testsuite name="Topcoder Challenge Listing Page Tests: " timestamp="2019-11-12T07:21:16" hostname="localhost" time="600.671" errors="0" tests="26" skipped="0" disabled="0" failures="0">
  <testcase classname="Topcoder Challenge Listing Page Tests: " name="should verify whether the current page is redirected to Registration page on clicking the Join button" time="8.041" />
  <testcase classname="Topcoder Challenge Listing Page Tests: " name="should verify whether the current page is redirected to Login page on clicking the Log in button." time="7.535" />
  <testcase classname="Topcoder Challenge Listing Page Tests: " name="should verify whether the user is able to search the member by their username/skill using the search icon." time="19.797" />
  <testcase classname="Topcoder Challenge Listing Page Tests: " name="should verify whether all the open for registration and Ongoing challenges are listed on clicking the Challenge tab." time="6.719" />
  <testcase classname="Topcoder Challenge Listing Page Tests: " name="should verify whether login page is opened on clicking the SRM tab." time="9.931" />
  <testcase classname="Topcoder Challenge Listing Page Tests: " name="should verify whether the user is able to search for a challenge by using the Search challenges textbox." time="9.249" />
  <testcase classname="Topcoder Challenge Listing Page Tests: " name="should verify that the &quot;Filter&quot; button is working correctly" time="7.38" />
  <testcase classname="Topcoder Challenge Listing Page Tests: " name="should verify that the &quot;Filter&quot; option &quot;keywords&quot; is working correctly" time="22.912" />
  <testcase classname="Topcoder Challenge Listing Page Tests: " name="should verify that the &quot;Filter&quot; option &quot;Subtrack&quot; is working correctly" time="22.274" />
  <testcase classname="Topcoder Challenge Listing Page Tests: " name="should verify that the &quot;Filter&quot; option &quot;Sub Community&quot; is working correctly" time="22.771" />
  <testcase classname="Topcoder Challenge Listing Page Tests: " name="should verify that the &quot;Filter&quot; option for &quot;Date range&quot; is workingcorrectly" time="15.174" />
  <testcase classname="Topcoder Challenge Listing Page Tests: " name="should verify whether the challenges are filtered according to the keyword/Subtrack/Sub community/Date range fields selected under the Filter function." time="38.447" />
  <testcase classname="Topcoder Challenge Listing Page Tests: " name="should verify whether the user is able to select more than one keyword/Subtrack under the filter function." time="44.287" />
  <testcase classname="Topcoder Challenge Listing Page Tests: " name="should verify whether the cross symbol inside the textbox keyword/Subtrack filters removes the selected keyword/Subtrack." time="85.077" />
  <testcase classname="Topcoder Challenge Listing Page Tests: " name="should verify whether the number of filters applied are shown into Filter button according to the keyword/Subtrack/Sub community/Date range fields selected." time="13.406" />
  <testcase classname="Topcoder Challenge Listing Page Tests: " name="should verify whether the clear filter button clears all the filters selected and all the challenges are displayed." time="13.363" />
  <testcase classname="Topcoder Challenge Listing Page Tests: " name="should verify whether the Save filter button is deactivated into filter function." time="7.772" />
  <testcase classname="Topcoder Challenge Listing Page Tests: " name="should verify whether the Sort by select option under the Open for registration/Ongoing Challenges list sorts the challenges according to the selected option." time="9.342" />
  <testcase classname="Topcoder Challenge Listing Page Tests: " name="should verify whether the View more challenges link under the Open for registration/Ongoing Challenges list displays all the Open for registration/Ongoing challenges." time="8.078" />
  <testcase classname="Topcoder Challenge Listing Page Tests: " name="should verify that when user selects a challenge &quot;tag&quot;, only challenges under the selected tag are shown." time="9.384" />
  <testcase classname="Topcoder Challenge Listing Page Tests: " name="should verify that the challenge count matches the number of challenges displayed" time="37.757" />
  <testcase classname="Topcoder Challenge Listing Page Tests: " name="should verify that the challenge count remains the same when switching to the challenge details and then back to the challenge listings page " time="19.602" />
  <testcase classname="Topcoder Challenge Listing Page Tests: " name="should verify All Challenges link functionality with the design, development, and data sceince toggle switches on" time="14.252" />
  <testcase classname="Topcoder Challenge Listing Page Tests: " name="should verify All Challenges link functionality with the design, development, and data sceince toggle switches Off" time="19.177" />
  <testcase classname="Topcoder Challenge Listing Page Tests: " name="should verify whether the page is redirected to the RSS Feed page on clicking the RSS feed link." time="8.312" />
  <testcase classname="Topcoder Challenge Listing Page Tests: " name="should verify whether the page is redirected to the respective page on clicking the link(About, Contact, Help, Privacy, Terms)." time="20.918" />
 </testsuite>
 <testsuite name="Topcoder Challenge Listing Page Tests: .After login test cases" timestamp="2019-11-12T07:29:37" hostname="localhost" time="99.711" errors="0" tests="8" skipped="0" disabled="0" failures="0">
  <testcase classname="Topcoder Challenge Listing Page Tests: .After login test cases" name="should verify whether the current page is redirected to my Dashboard page on clicking the Dashboard under the Username menu." time="8.88" />
  <testcase classname="Topcoder Challenge Listing Page Tests: .After login test cases" name="should verify whether the current page is redirected to my profile page on clicking the my profile under the Username menu." time="9.36" />
  <testcase classname="Topcoder Challenge Listing Page Tests: .After login test cases" name="should verify whether the current page is redirected to the payments page on clicking the payments under the Username menu." time="9.685" />
  <testcase classname="Topcoder Challenge Listing Page Tests: .After login test cases" name="should verify whether the current page is redirected to the settings page on clicking the settings under the Username menu." time="9.238" />
  <testcase classname="Topcoder Challenge Listing Page Tests: .After login test cases" name="should verify whether the user is able to search the member by their username/skill using the search icon." time="20.672" />
  <testcase classname="Topcoder Challenge Listing Page Tests: .After login test cases" name="should verify whether all the my challenges, open for registration and Ongoing challenges are listed on clicking the Challenge tab." time="6.879" />
  <testcase classname="Topcoder Challenge Listing Page Tests: .After login test cases" name="should verify whether the Topcoder arena page is opened on clicking the SRM tab. " time="15.544" />
  <testcase classname="Topcoder Challenge Listing Page Tests: .After login test cases" name="should verify whether the logout happens on clicking the logout under the Username menu." time="12.753" />
 </testsuite>
</testsuites>