<?xml version="1.0" encoding="UTF-8" ?>
<testsuites disabled="0" errors="0" failures="0" tests="2" time="76.673">
 <testsuite name="Topcoder Account Page Tests: " timestamp="2019-11-12T07:18:21" hostname="localhost" time="76.673" errors="0" tests="2" skipped="0" disabled="0" failures="0">
  <testcase classname="Topcoder Account Page Tests: " name="should Verify User can update his/her User Consent. " time="24.715" />
  <testcase classname="Topcoder Account Page Tests: " name="should Verify User can Add/Delete External Link." time="34.604" />
 </testsuite>
</testsuites>