<?xml version="1.0" encoding="UTF-8" ?>
<testsuites disabled="0" errors="0" failures="0" tests="2" time="66.734">
 <testsuite name="Topcoder Account Page Tests: " timestamp="2019-11-15T12:44:00" hostname="localhost" time="66.734" errors="0" tests="2" skipped="0" disabled="0" failures="0">
  <testcase classname="Topcoder Account Page Tests: " name="should Verify User can update his/her User Consent. " time="20.53" />
  <testcase classname="Topcoder Account Page Tests: " name="should Verify User can Add/Delete External Link." time="25.963" />
 </testsuite>
</testsuites>