<?xml version="1.0" encoding="UTF-8" ?>
<testsuites disabled="0" errors="0" failures="2" tests="2" time="73.756">
 <testsuite name="Topcoder Footer Tests: " timestamp="2019-11-15T13:00:37" hostname="localhost" time="73.756" errors="0" tests="2" skipped="0" disabled="0" failures="2">
  <testcase classname="Topcoder Footer Tests: " name="should verify whether the user is redirected to respective page on clicking the footer menu link into Footer of page." time="64.739" />
  <testcase classname="Topcoder Footer Tests: " name="should verify whether the user is redirected to the topcoder social sites on clicking the social sites icon." time="9.015">
   <failure type="toEqual" message="Expected &apos;https://www.twitter.com/topcoder&apos; to equal &apos;https://twitter.com/topcoder&apos;."><![CDATA[Error: Failed expectation
    at Function.<anonymous> (/Users/deepakthapa/Documents/GitHub/topcoder-community-smoke-test/page-objects/common/common.helper.ts:58:21)
    at step (/Users/deepakthapa/Documents/GitHub/topcoder-community-smoke-test/temp/page-objects/common/common.helper.js:32:23)
    at Object.next (/Users/deepakthapa/Documents/GitHub/topcoder-community-smoke-test/temp/page-objects/common/common.helper.js:13:53)
    at fulfilled (/Users/deepakthapa/Documents/GitHub/topcoder-community-smoke-test/temp/page-objects/common/common.helper.js:4:58)
    at processTicksAndRejections (internal/process/task_queues.js:86:5)]]>
   </failure>
   <failure type="toEqual" message="Expected &apos;https://www.instagram.com/topcoder&apos; to equal &apos;https://www.instagram.com/topcoder/&apos;."><![CDATA[Error: Failed expectation
    at Function.<anonymous> (/Users/deepakthapa/Documents/GitHub/topcoder-community-smoke-test/page-objects/common/common.helper.ts:58:21)
    at step (/Users/deepakthapa/Documents/GitHub/topcoder-community-smoke-test/temp/page-objects/common/common.helper.js:32:23)
    at Object.next (/Users/deepakthapa/Documents/GitHub/topcoder-community-smoke-test/temp/page-objects/common/common.helper.js:13:53)
    at fulfilled (/Users/deepakthapa/Documents/GitHub/topcoder-community-smoke-test/temp/page-objects/common/common.helper.js:4:58)
    at processTicksAndRejections (internal/process/task_queues.js:86:5)]]>
   </failure>
  </testcase>
 </testsuite>
</testsuites>