<?xml version="1.0" encoding="UTF-8" ?>
<testsuites disabled="2" errors="0" failures="0" tests="2" time="0.001">
 <testsuite name="Topcoder Account Page Tests: " timestamp="2019-11-14T23:21:17" hostname="localhost" time="0.001" errors="0" tests="2" skipped="0" disabled="2" failures="0">
  <testcase classname="Topcoder Account Page Tests: " name="should Verify User can update his/her User Consent. " time="0">
   <skipped />
  </testcase>
  <testcase classname="Topcoder Account Page Tests: " name="should Verify User can Add/Delete External Link." time="0">
   <skipped />
  </testcase>
 </testsuite>
</testsuites>