<?xml version="1.0" encoding="UTF-8" ?>
<testsuites disabled="0" errors="0" failures="0" tests="7" time="238.014">
 <testsuite name="Topcoder Profile Page Tests: " timestamp="2019-11-12T07:11:44" hostname="localhost" time="238.014" errors="0" tests="7" skipped="0" disabled="0" failures="0">
  <testcase classname="Topcoder Profile Page Tests: " name="should verify whether the current user can update basic information." time="14.684" />
  <testcase classname="Topcoder Profile Page Tests: " name="should verify User can Add/Update/Delete language" time="34.342" />
  <testcase classname="Topcoder Profile Page Tests: " name="should verify User can Add/Update/Delete Education" time="42.505" />
  <testcase classname="Topcoder Profile Page Tests: " name="should verify User can Add/Update/Delete work " time="47.55" />
  <testcase classname="Topcoder Profile Page Tests: " name="should verify User can Add/Delete skill." time="30.884" />
  <testcase classname="Topcoder Profile Page Tests: " name="should verify User can Add/Update/Delete the hobby." time="40.595" />
  <testcase classname="Topcoder Profile Page Tests: " name="should verify User can update the community." time="3.63" />
 </testsuite>
</testsuites>