<?xml version="1.0" encoding="UTF-8" ?>
<testsuites disabled="0" errors="0" failures="0" tests="4" time="158.906">
 <testsuite name="Topcoder Tools Page Tests: " timestamp="2019-11-12T07:15:42" hostname="localhost" time="158.906" errors="0" tests="4" skipped="0" disabled="0" failures="0">
  <testcase classname="Topcoder Tools Page Tests: " name="should verify User can Add/Update/Delete Device" time="38.138" />
  <testcase classname="Topcoder Tools Page Tests: " name="should Verify User can Add/Update/Delete Software" time="42.745" />
  <testcase classname="Topcoder Tools Page Tests: " name="should Verify User can Add/Update/Delete Service Provider" time="33.087" />
  <testcase classname="Topcoder Tools Page Tests: " name="should Verify User can Add/Update/Delete Subscriptions " time="27.134" />
 </testsuite>
</testsuites>